<?xml version="1.0" encoding="UTF-8"?>
<!-- Generated by org.testng.reporters.JUnitReportReporter -->
<testsuite skipped="0" hostname="Nerites" name="at.ventocom.minishop.test.TestTaskProcessor" tests="1" failures="0" timestamp="23 Ã¡pr. 2017 13:57:55 GMT" time="0.285" errors="0">
  <testcase name="testTaskProcessorTaskRunning" time="0.285" classname="at.ventocom.minishop.test.TestTaskProcessor"/>
</testsuite> <!-- at.ventocom.minishop.test.TestTaskProcessor -->
